<?xml version="1.0" encoding="UTF-8"?>
<robot generator="Robot 6.0.1 (Python 3.9.13 on win32)" generated="20230102 14:00:37.894" rpa="false" schemaversion="3">
<suite id="s1" name="Deletereq" source="C:\Users\pradn\PycharmProjects\restapi\TestCases\deletereq.robot">
<test id="s1-t1" name="deletedemo" line="12">
<kw name="Create Session" library="RequestsLibrary">
<arg>session1</arg>
<arg>${base_url}</arg>
<arg>disable_warnings=1</arg>
<doc>Create Session: create a HTTP session to a server</doc>
<msg timestamp="20230102 14:00:38.109" level="INFO">Creating Session using : alias=session1, url=https://jsonplaceholder.typicode.com, headers={},                     cookies={}, auth=None, timeout=None, proxies=None, verify=False,                     debug=0 </msg>
<status status="PASS" starttime="20230102 14:00:38.109" endtime="20230102 14:00:38.110"/>
</kw>
<kw name="Set Variable" library="BuiltIn">
<var>${endpoint}</var>
<arg>/posts/1</arg>
<doc>Returns the given values which can then be assigned to a variables.</doc>
<msg timestamp="20230102 14:00:38.110" level="INFO">${endpoint} = /posts/1</msg>
<status status="PASS" starttime="20230102 14:00:38.110" endtime="20230102 14:00:38.110"/>
</kw>
<kw name="DELETE On Session" library="RequestsLibrary">
<var>${response}</var>
<arg>session1</arg>
<arg>${endpoint}</arg>
<doc>Sends a DELETE request on a previously created HTTP Session.</doc>
<msg timestamp="20230102 14:00:38.384" level="INFO">DELETE Request : url=https://jsonplaceholder.typicode.com/posts/1 
 path_url=/posts/1 
 headers={'User-Agent': 'python-requests/2.28.1', 'Accept-Encoding': 'gzip, deflate', 'Accept': '*/*', 'Connection': 'keep-alive', 'Content-Length': '0'} 
 body=None 
 </msg>
<msg timestamp="20230102 14:00:38.384" level="INFO">DELETE Response : url=https://jsonplaceholder.typicode.com/posts/1 
 status=200, reason=OK 
 headers={'Date': 'Mon, 02 Jan 2023 22:00:37 GMT', 'Content-Type': 'application/json; charset=utf-8', 'Content-Length': '2', 'Connection': 'keep-alive', 'X-Powered-By': 'Express', 'X-Ratelimit-Limit': '1000', 'X-Ratelimit-Remaining': '999', 'X-Ratelimit-Reset': '1672696891', 'Vary': 'Origin, Accept-Encoding', 'Access-Control-Allow-Credentials': 'true', 'Cache-Control': 'no-cache', 'Pragma': 'no-cache', 'Expires': '-1', 'X-Content-Type-Options': 'nosniff', 'Etag': 'W/"2-vyGp6PvFo4RvsFtPoIWeCReyIC8"', 'Via': '1.1 vegur', 'CF-Cache-Status': 'DYNAMIC', 'Server-Timing': 'cf-q-config;dur=5.9999874792993e-06', 'Report-To': '{"endpoints":[{"url":"https:\\/\\/a.nel.cloudflare.com\\/report\\/v3?s=dusCJmWZPeC0kfoyiO84FyWqxq4aOEe48c1yu4lW9LqMoifvqYYK9QrjYgmumpfA4HQ01Kw4G0I82QP8YZtXtGuVGBx%2By498ovHQCkYmrbvdhfZcBzMSOGILdQvs2nszIyCd%2FbMSlp%2FHQX6l7uF0d1%2BBoCztoZPw0nYt"}],"group":"cf-nel","max_age":604800}', 'NEL': '{"success_fraction":0,"report_to":"cf-nel","max_age":604800}', 'Server': 'cloudflare', 'CF-RAY': '7836c4c34b05ce38-SJC', 'alt-svc': 'h3=":443"; ma=86400, h3-29=":443"; ma=86400'} 
 body={} 
 </msg>
<msg timestamp="20230102 14:00:38.384" level="INFO">${response} = &lt;Response [200]&gt;</msg>
<status status="PASS" starttime="20230102 14:00:38.110" endtime="20230102 14:00:38.384"/>
</kw>
<kw name="Log To Console" library="BuiltIn">
<arg>${response.status_code}</arg>
<doc>Logs the given message to the console.</doc>
<status status="PASS" starttime="20230102 14:00:38.385" endtime="20230102 14:00:38.386"/>
</kw>
<kw name="Log To Console" library="BuiltIn">
<arg>${response.content}</arg>
<doc>Logs the given message to the console.</doc>
<status status="PASS" starttime="20230102 14:00:38.386" endtime="20230102 14:00:38.387"/>
</kw>
<kw name="Convert To String" library="BuiltIn">
<var>${status_code}</var>
<arg>${response.status_code}</arg>
<doc>Converts the given item to a Unicode string.</doc>
<msg timestamp="20230102 14:00:38.388" level="INFO">${status_code} = 200</msg>
<status status="PASS" starttime="20230102 14:00:38.387" endtime="20230102 14:00:38.388"/>
</kw>
<kw name="Should Be Equal" library="BuiltIn">
<arg>${status_code}</arg>
<arg>200</arg>
<doc>Fails if the given objects are unequal.</doc>
<status status="PASS" starttime="20230102 14:00:38.388" endtime="20230102 14:00:38.388"/>
</kw>
<status status="PASS" starttime="20230102 14:00:38.108" endtime="20230102 14:00:38.389"/>
</test>
<status status="PASS" starttime="20230102 14:00:37.896" endtime="20230102 14:00:38.389"/>
</suite>
<statistics>
<total>
<stat pass="1" fail="0" skip="0">All Tests</stat>
</total>
<tag>
</tag>
<suite>
<stat pass="1" fail="0" skip="0" id="s1" name="Deletereq">Deletereq</stat>
</suite>
</statistics>
<errors>
</errors>
</robot>
